[INFO] Scanning for projects...
[INFO] 
[INFO] --------------------< com.educonnect:auth-services >--------------------
[INFO] Building Auth Services 1.0.0-SNAPSHOT
[INFO]   from pom.xml
[INFO] --------------------------------[ jar ]---------------------------------
[INFO] 
[INFO] >>> spring-boot:3.3.0:run (default-cli) > test-compile @ auth-services >>>
[INFO] 
[INFO] --- resources:3.3.1:resources (default-resources) @ auth-services ---
[INFO] Copying 1 resource from src/main/resources to target/classes
[INFO] Copying 0 resource from src/main/resources to target/classes
[INFO] 
[INFO] --- compiler:3.13.0:compile (default-compile) @ auth-services ---
[INFO] Nothing to compile - all classes are up to date.
[INFO] 
[INFO] --- resources:3.3.1:testResources (default-testResources) @ auth-services ---
[INFO] skip non existing resourceDirectory /Users/berkeciftci/Desktop/EduConnect-Backend/auth-services/src/test/resources
[INFO] 
[INFO] --- compiler:3.13.0:testCompile (default-testCompile) @ auth-services ---
[INFO] Recompiling the module because of changed source code.
[INFO] Compiling 1 source file with javac [debug parameters release 21] to target/test-classes
[INFO] Annotation processing is enabled because one or more processors were found
  on the class path. A future release of javac may disable annotation processing
  unless at least one processor is specified by name (-processor), or a search
  path is specified (--processor-path, --processor-module-path), or annotation
  processing is enabled explicitly (-proc:only, -proc:full).
  Use -Xlint:-options to suppress this message.
  Use -proc:none to disable annotation processing.
[INFO] 
[INFO] <<< spring-boot:3.3.0:run (default-cli) < test-compile @ auth-services <<<
[INFO] 
[INFO] 
[INFO] --- spring-boot:3.3.0:run (default-cli) @ auth-services ---
[INFO] Attaching agents: []
  .   ____          _            __ _ _
 /\\ / ___'_ __ _ _(_)_ __  __ _ \ \ \ \
( ( )\___ | '_ | '_| | '_ \/ _` | \ \ \ \
 \\/  ___)| |_)| | | | | || (_| |  ) ) ) )
  '  |____| .__|_| |_|_| |_\__, | / / / /
 =========|_|==============|___/=/_/_/_/

 :: Spring Boot ::                (v3.3.0)

2025-11-15T16:20:08.772+03:00  INFO 67575 --- [auth-services] [           main] c.e.a.AuthServicesApplication            : Starting AuthServicesApplication using Java 21.0.8 with PID 67575 (/Users/berkeciftci/Desktop/EduConnect-Backend/auth-services/target/classes started by berkeciftci in /Users/berkeciftci/Desktop/EduConnect-Backend/auth-services)
2025-11-15T16:20:08.772+03:00  INFO 67575 --- [auth-services] [           main] c.e.a.AuthServicesApplication            : No active profile set, falling back to 1 default profile: "default"
2025-11-15T16:20:08.782+03:00  INFO 67575 --- [auth-services] [           main] o.s.c.c.c.ConfigServerConfigDataLoader   : Fetching config from server at : http://localhost:8888
2025-11-15T16:20:08.783+03:00  INFO 67575 --- [auth-services] [           main] o.s.c.c.c.ConfigServerConfigDataLoader   : Located environment: name=auth-services, profiles=[default], label=null, version=0a19839f0e3d9ef1fce305c75390d525ab72c97e, state=null
2025-11-15T16:20:09.067+03:00  INFO 67575 --- [auth-services] [           main] .s.d.r.c.RepositoryConfigurationDelegate : Bootstrapping Spring Data JPA repositories in DEFAULT mode.
2025-11-15T16:20:09.110+03:00  INFO 67575 --- [auth-services] [           main] .s.d.r.c.RepositoryConfigurationDelegate : Finished Spring Data repository scanning in 41 ms. Found 1 JPA repository interface.
2025-11-15T16:20:09.185+03:00  INFO 67575 --- [auth-services] [           main] o.s.cloud.context.scope.GenericScope     : BeanFactory id=74ccc4c4-bcbe-35fe-ab08-28f205aff48b
2025-11-15T16:20:09.285+03:00  WARN 67575 --- [auth-services] [           main] trationDelegate$BeanPostProcessorChecker : Bean 'org.springframework.cloud.client.loadbalancer.LoadBalancerAutoConfiguration$DeferringLoadBalancerInterceptorConfig' of type [org.springframework.cloud.client.loadbalancer.LoadBalancerAutoConfiguration$DeferringLoadBalancerInterceptorConfig] is not eligible for getting processed by all BeanPostProcessors (for example: not eligible for auto-proxying). The currently created BeanPostProcessor [lbRestClientPostProcessor] is declared through a non-static factory method on that class; consider declaring it as static instead.
2025-11-15T16:20:09.286+03:00  WARN 67575 --- [auth-services] [           main] trationDelegate$BeanPostProcessorChecker : Bean 'deferringLoadBalancerInterceptor' of type [org.springframework.cloud.client.loadbalancer.DeferringLoadBalancerInterceptor] is not eligible for getting processed by all BeanPostProcessors (for example: not eligible for auto-proxying). Is this bean getting eagerly injected into a currently created BeanPostProcessor [lbRestClientPostProcessor]? Check the corresponding BeanPostProcessor declaration and its dependencies.
2025-11-15T16:20:09.386+03:00  INFO 67575 --- [auth-services] [           main] o.s.b.w.embedded.tomcat.TomcatWebServer  : Tomcat initialized with port 9002 (http)
2025-11-15T16:20:09.390+03:00  INFO 67575 --- [auth-services] [           main] o.apache.catalina.core.StandardService   : Starting service [Tomcat]
2025-11-15T16:20:09.390+03:00  INFO 67575 --- [auth-services] [           main] o.apache.catalina.core.StandardEngine    : Starting Servlet engine: [Apache Tomcat/10.1.24]
2025-11-15T16:20:09.408+03:00  INFO 67575 --- [auth-services] [           main] o.a.c.c.C.[Tomcat].[localhost].[/]       : Initializing Spring embedded WebApplicationContext
2025-11-15T16:20:09.408+03:00  INFO 67575 --- [auth-services] [           main] w.s.c.ServletWebServerApplicationContext : Root WebApplicationContext: initialization completed in 625 ms
2025-11-15T16:20:09.530+03:00  INFO 67575 --- [auth-services] [           main] com.zaxxer.hikari.HikariDataSource       : HikariPool-1 - Starting...
2025-11-15T16:20:09.592+03:00  INFO 67575 --- [auth-services] [           main] com.zaxxer.hikari.pool.HikariPool        : HikariPool-1 - Added connection org.postgresql.jdbc.PgConnection@a2fb8a5
2025-11-15T16:20:09.593+03:00  INFO 67575 --- [auth-services] [           main] com.zaxxer.hikari.HikariDataSource       : HikariPool-1 - Start completed.
2025-11-15T16:20:09.601+03:00  INFO 67575 --- [auth-services] [           main] org.flywaydb.core.FlywayExecutor         : Database: jdbc:postgresql://localhost:5432/postgres (PostgreSQL 14.19)
2025-11-15T16:20:09.623+03:00  INFO 67575 --- [auth-services] [           main] o.f.core.internal.command.DbValidate     : Successfully validated 2 migrations (execution time 00:00.009s)
2025-11-15T16:20:09.649+03:00  INFO 67575 --- [auth-services] [           main] o.f.core.internal.command.DbMigrate      : Current version of schema "auth_db": 1.1
2025-11-15T16:20:09.649+03:00  WARN 67575 --- [auth-services] [           main] o.f.core.internal.command.DbMigrate      : Schema "auth_db" has a version (1.1) that is newer than the latest available migration (1.0) !
2025-11-15T16:20:09.650+03:00  INFO 67575 --- [auth-services] [           main] o.f.core.internal.command.DbMigrate      : Schema "auth_db" is up to date. No migration necessary.
2025-11-15T16:20:09.684+03:00  INFO 67575 --- [auth-services] [           main] o.hibernate.jpa.internal.util.LogHelper  : HHH000204: Processing PersistenceUnitInfo [name: default]
2025-11-15T16:20:09.699+03:00  INFO 67575 --- [auth-services] [           main] org.hibernate.Version                    : HHH000412: Hibernate ORM core version 6.5.2.Final
2025-11-15T16:20:09.706+03:00  INFO 67575 --- [auth-services] [           main] o.h.c.internal.RegionFactoryInitiator    : HHH000026: Second-level cache disabled
2025-11-15T16:20:09.781+03:00  INFO 67575 --- [auth-services] [           main] o.s.o.j.p.SpringPersistenceUnitInfo      : No LoadTimeWeaver setup: ignoring JPA class transformer
2025-11-15T16:20:10.040+03:00  INFO 67575 --- [auth-services] [           main] o.h.e.t.j.p.i.JtaPlatformInitiator       : HHH000489: No JTA platform available (set 'hibernate.transaction.jta.platform' to enable JTA platform integration)
2025-11-15T16:20:10.077+03:00  INFO 67575 --- [auth-services] [           main] j.LocalContainerEntityManagerFactoryBean : Initialized JPA EntityManagerFactory for persistence unit 'default'
2025-11-15T16:20:10.216+03:00  INFO 67575 --- [auth-services] [           main] eAuthenticationProviderManagerConfigurer : Global AuthenticationManager configured with AuthenticationProvider bean with name authenticationProvider
2025-11-15T16:20:10.216+03:00  WARN 67575 --- [auth-services] [           main] r$InitializeUserDetailsManagerConfigurer : Global AuthenticationManager configured with an AuthenticationProvider bean. UserDetailsService beans will not be used for username/password login. Consider removing the AuthenticationProvider bean. Alternatively, consider using the UserDetailsService in a manually instantiated DaoAuthenticationProvider.
2025-11-15T16:20:10.331+03:00  WARN 67575 --- [auth-services] [           main] JpaBaseConfiguration$JpaWebConfiguration : spring.jpa.open-in-view is enabled by default. Therefore, database queries may be performed during view rendering. Explicitly configure spring.jpa.open-in-view to disable this warning
2025-11-15T16:20:10.516+03:00  INFO 67575 --- [auth-services] [           main] o.s.b.a.e.web.EndpointLinksResolver      : Exposing 4 endpoints beneath base path '/actuator'
2025-11-15T16:20:10.555+03:00  INFO 67575 --- [auth-services] [           main] o.s.s.web.DefaultSecurityFilterChain     : Will secure any request with [org.springframework.security.web.session.DisableEncodeUrlFilter@f1a5005, org.springframework.security.web.context.request.async.WebAsyncManagerIntegrationFilter@23001753, org.springframework.security.web.context.SecurityContextHolderFilter@1c6d65f7, org.springframework.security.web.header.HeaderWriterFilter@46791608, org.springframework.web.filter.CorsFilter@39a2adf9, org.springframework.security.web.authentication.logout.LogoutFilter@1e7edfb2, com.educonnect.authservices.security.JwtAuthenticationFilter@27ae8ce3, org.springframework.security.web.savedrequest.RequestCacheAwareFilter@38c464df, org.springframework.security.web.servletapi.SecurityContextHolderAwareRequestFilter@3c175d82, org.springframework.security.web.authentication.AnonymousAuthenticationFilter@7a696a6b, org.springframework.security.web.session.SessionManagementFilter@558bff39, org.springframework.security.web.access.ExceptionTranslationFilter@539a50ea, org.springframework.security.web.access.intercept.AuthorizationFilter@17563b82]
2025-11-15T16:20:10.725+03:00  INFO 67575 --- [auth-services] [           main] DiscoveryClientOptionalArgsConfiguration : Eureka HTTP Client uses RestTemplate.
2025-11-15T16:20:10.747+03:00  WARN 67575 --- [auth-services] [           main] iguration$LoadBalancerCaffeineWarnLogger : Spring Cloud LoadBalancer is currently working with the default cache. While this cache implementation is useful for development and tests, it's recommended to use Caffeine cache in production.You can switch to using Caffeine cache, by adding it and org.springframework.cache.caffeine.CaffeineCacheManager to the classpath.
2025-11-15T16:20:10.757+03:00 DEBUG 67575 --- [auth-services] [           main] .a.r.l.a.MessagingMessageListenerAdapter : Inferred argument type for public void com.educonnect.authservices.listener.ClubRoleAssignmentListener.handleRoleAssignment(com.educonnect.authservices.dto.message.AssignClubRoleMessage) is class com.educonnect.authservices.dto.message.AssignClubRoleMessage
2025-11-15T16:20:10.760+03:00 DEBUG 67575 --- [auth-services] [           main] o.s.a.r.l.SimpleMessageListenerContainer : No global properties bean
2025-11-15T16:20:10.775+03:00  INFO 67575 --- [auth-services] [           main] o.s.c.n.eureka.InstanceInfoFactory       : Setting initial instance status as: STARTING
2025-11-15T16:20:10.782+03:00  INFO 67575 --- [auth-services] [           main] com.netflix.discovery.DiscoveryClient    : Initializing Eureka in region us-east-1
2025-11-15T16:20:10.783+03:00  INFO 67575 --- [auth-services] [           main] c.n.d.s.r.aws.ConfigClusterResolver      : Resolving eureka endpoints via configuration
2025-11-15T16:20:10.785+03:00  INFO 67575 --- [auth-services] [           main] com.netflix.discovery.DiscoveryClient    : Disable delta property : false
2025-11-15T16:20:10.785+03:00  INFO 67575 --- [auth-services] [           main] com.netflix.discovery.DiscoveryClient    : Single vip registry refresh property : null
2025-11-15T16:20:10.785+03:00  INFO 67575 --- [auth-services] [           main] com.netflix.discovery.DiscoveryClient    : Force full registry fetch : false
2025-11-15T16:20:10.785+03:00  INFO 67575 --- [auth-services] [           main] com.netflix.discovery.DiscoveryClient    : Application is null : false
2025-11-15T16:20:10.785+03:00  INFO 67575 --- [auth-services] [           main] com.netflix.discovery.DiscoveryClient    : Registered Applications size is zero : true
2025-11-15T16:20:10.785+03:00  INFO 67575 --- [auth-services] [           main] com.netflix.discovery.DiscoveryClient    : Application version is -1: true
2025-11-15T16:20:10.785+03:00  INFO 67575 --- [auth-services] [           main] com.netflix.discovery.DiscoveryClient    : Getting all instance registry info from the eureka server
2025-11-15T16:20:10.846+03:00  INFO 67575 --- [auth-services] [           main] com.netflix.discovery.DiscoveryClient    : The response status is 200
2025-11-15T16:20:10.846+03:00  INFO 67575 --- [auth-services] [           main] com.netflix.discovery.DiscoveryClient    : Starting heartbeat executor: renew interval is: 30
2025-11-15T16:20:10.847+03:00  INFO 67575 --- [auth-services] [           main] c.n.discovery.InstanceInfoReplicator     : InstanceInfoReplicator onDemand update allowed rate per min is 4
2025-11-15T16:20:10.847+03:00  INFO 67575 --- [auth-services] [           main] com.netflix.discovery.DiscoveryClient    : Discovery Client initialized at timestamp 1763212810847 with initial instances count: 4
2025-11-15T16:20:10.851+03:00  INFO 67575 --- [auth-services] [           main] o.s.c.n.e.s.EurekaServiceRegistry        : Registering application AUTH-SERVICES with eureka with status UP
2025-11-15T16:20:10.851+03:00  INFO 67575 --- [auth-services] [           main] com.netflix.discovery.DiscoveryClient    : Saw local status change event StatusChangeEvent [timestamp=1763212810851, current=UP, previous=STARTING]
2025-11-15T16:20:10.851+03:00  INFO 67575 --- [auth-services] [foReplicator-%d] com.netflix.discovery.DiscoveryClient    : DiscoveryClient_AUTH-SERVICES/192.168.0.101:auth-services:9002: registering service...
2025-11-15T16:20:10.856+03:00  INFO 67575 --- [auth-services] [           main] o.s.c.n.e.s.EurekaServiceRegistry        : Unregistering application AUTH-SERVICES with eureka with status DOWN
2025-11-15T16:20:10.856+03:00  INFO 67575 --- [auth-services] [           main] com.netflix.discovery.DiscoveryClient    : Saw local status change event StatusChangeEvent [timestamp=1763212810856, current=DOWN, previous=UP]
2025-11-15T16:20:10.857+03:00  WARN 67575 --- [auth-services] [           main] ConfigServletWebServerApplicationContext : Exception encountered during context initialization - cancelling refresh attempt: org.springframework.context.ApplicationContextException: Failed to start bean 'webServerStartStop'
2025-11-15T16:20:10.858+03:00 DEBUG 67575 --- [auth-services] [           main] o.s.a.r.l.SimpleMessageListenerContainer : Shutdown ignored - container is not active already
2025-11-15T16:20:10.859+03:00  INFO 67575 --- [auth-services] [           main] j.LocalContainerEntityManagerFactoryBean : Closing JPA EntityManagerFactory for persistence unit 'default'
2025-11-15T16:20:10.860+03:00  INFO 67575 --- [auth-services] [           main] com.zaxxer.hikari.HikariDataSource       : HikariPool-1 - Shutdown initiated...
2025-11-15T16:20:10.862+03:00  INFO 67575 --- [auth-services] [           main] com.zaxxer.hikari.HikariDataSource       : HikariPool-1 - Shutdown completed.
2025-11-15T16:20:10.862+03:00  INFO 67575 --- [auth-services] [           main] com.netflix.discovery.DiscoveryClient    : Shutting down DiscoveryClient ...
2025-11-15T16:20:10.864+03:00  INFO 67575 --- [auth-services] [foReplicator-%d] com.netflix.discovery.DiscoveryClient    : DiscoveryClient_AUTH-SERVICES/192.168.0.101:auth-services:9002 - registration status: 204
2025-11-15T16:20:10.869+03:00  INFO 67575 --- [auth-services] [foReplicator-%d] com.netflix.discovery.DiscoveryClient    : DiscoveryClient_AUTH-SERVICES/192.168.0.101:auth-services:9002: registering service...
2025-11-15T16:20:10.872+03:00  INFO 67575 --- [auth-services] [foReplicator-%d] com.netflix.discovery.DiscoveryClient    : DiscoveryClient_AUTH-SERVICES/192.168.0.101:auth-services:9002 - registration status: 204
2025-11-15T16:20:10.872+03:00  INFO 67575 --- [auth-services] [           main] com.netflix.discovery.DiscoveryClient    : Unregistering ...
2025-11-15T16:20:10.873+03:00  INFO 67575 --- [auth-services] [           main] com.netflix.discovery.DiscoveryClient    : DiscoveryClient_AUTH-SERVICES/192.168.0.101:auth-services:9002 - deregister  status: 200
2025-11-15T16:20:10.873+03:00  INFO 67575 --- [auth-services] [           main] com.netflix.discovery.DiscoveryClient    : Completed shut down of DiscoveryClient
2025-11-15T16:20:10.880+03:00  INFO 67575 --- [auth-services] [           main] .s.b.a.l.ConditionEvaluationReportLogger : 

Error starting ApplicationContext. To display the condition evaluation report re-run your application with 'debug' enabled.
2025-11-15T16:20:10.886+03:00 ERROR 67575 --- [auth-services] [           main] o.s.b.d.LoggingFailureAnalysisReporter   : 

***************************
APPLICATION FAILED TO START
***************************

Description:

Web server failed to start. Port 9002 was already in use.

Action:

Identify and stop the process that's listening on port 9002 or configure this application to listen on another port.

[INFO] ------------------------------------------------------------------------
[INFO] BUILD FAILURE
[INFO] ------------------------------------------------------------------------
[INFO] Total time:  4.347 s
[INFO] Finished at: 2025-11-15T16:20:10+03:00
[INFO] ------------------------------------------------------------------------
[ERROR] Failed to execute goal org.springframework.boot:spring-boot-maven-plugin:3.3.0:run (default-cli) on project auth-services: Process terminated with exit code: 1 -> [Help 1]
[ERROR] 
[ERROR] To see the full stack trace of the errors, re-run Maven with the -e switch.
[ERROR] Re-run Maven using the -X switch to enable full debug logging.
[ERROR] 
[ERROR] For more information about the errors and possible solutions, please read the following articles:
[ERROR] [Help 1] http://cwiki.apache.org/confluence/display/MAVEN/MojoExecutionException
